<?xml version="1.0" encoding="UTF-8"?>
<!-- Generated by org.testng.reporters.JUnitXMLReporter -->
<testsuite ignored="0" hostname="ITT-MANJUNATH-K" failures="0" tests="7" name="SeleniumAutomationTests" time="55.602" errors="0" timestamp="2024-12-06T14:20:06 IST">
  <testcase classname="DropDown2" name="dropDownSelect" time="9.276"/>
  <testcase classname="NewCode" name="reverseInteger" time="0.0"/>
  <testcase classname="Program" name="tableTraverse" time="0.001"/>
  <testcase classname="TextBox" name="primeNumberTest" time="0.001"/>
  <testcase classname="DropDown1" name="testMethod" time="19.867"/>
  <testcase classname="WindowHandles1" name="windowHandles" time="2.998"/>
  <testcase classname="WebTable" name="webTable" time="46.269"/>
</testsuite> <!-- SeleniumAutomationTests -->
