<?xml version="1.0" encoding="UTF-8"?>
<!-- Generated by org.testng.reporters.JUnitXMLReporter -->
<testsuite ignored="0" hostname="ITT-MANJUNATH-K" failures="0" tests="7" name="SeleniumAutomationTests" time="48.593" errors="0" timestamp="2024-12-05T15:06:47 IST">
  <testcase classname="DropDown2" name="dropDownSelect" time="12.031"/>
  <testcase classname="NewCode" name="reverseInteger" time="0.001"/>
  <testcase classname="Program" name="tableTraverse" time="0.0"/>
  <testcase classname="TextBox" name="primeNumberTest" time="0.001"/>
  <testcase classname="DropDown1" name="testMethod" time="12.699"/>
  <testcase classname="WindowHandles1" name="windowHandles" time="3.224"/>
  <testcase classname="WebTable" name="webTable" time="36.511"/>
</testsuite> <!-- SeleniumAutomationTests -->
