<?xml version="1.0" encoding="UTF-8"?>
<testsuite xmlns:xsi="http://www.w3.org/2001/XMLSchema-instance" xsi:noNamespaceSchemaLocation="https://maven.apache.org/surefire/maven-surefire-plugin/xsd/surefire-test-report.xsd" version="3.0.2" name="TestSuite" time="49.197" tests="7" errors="0" skipped="0" failures="0">
  <properties>
[...]
</properties>
  <testcase name="dropDownSelect" classname="DropDown2" time="12.033">
    <system-out><![CDATA[Afghanistan
Åland Islands
Albania
Algeria
American Samoa
Andorra
Angola
Anguilla
Antarctica
Antigua and Barbuda
Argentina
Armenia
Aruba
Australia
Austria
Azerbaijan
Bahamas
Bahrain
Bangladesh
Barbados
Belarus
Belgium
Belize
Benin
Bermuda
Bhutan
Bolivia, Plurinational State of
Bonaire, Sint Eustatius and Saba
Bosnia and Herzegovina
Botswana
Bouvet Island
Brazil
British Indian Ocean Territory
Brunei Darussalam
Bulgaria
Burkina Faso
Burundi
Cambodia
Cameroon
Canada
Cape Verde
Cayman Islands
Central African Republic
Chad
Chile
China
Christmas Island
Cocos (Keeling) Islands
Colombia
Comoros
Congo
Congo, the Democratic Republic of the
Cook Islands
Costa Rica
Côte d’Ivoire
Croatia
Cuba
Curaçao
Cyprus
Czech Republic
Denmark
Djibouti
Dominica
Dominican Republic
Ecuador
Egypt
El Salvador
Equatorial Guinea
Eritrea
Estonia
Ethiopia
Falkland Islands (Malvinas)
Faroe Islands
Fiji
Finland
France
French Guiana
French Polynesia
French Southern Territories
Gabon
Gambia
Georgia
Germany
Ghana
Gibraltar
Greece
Greenland
Grenada
Guadeloupe
Guam
Guatemala
Guernsey
Guinea
Guinea-Bissau
Guyana
Haiti
Heard Island and McDonald Islands
Holy See (Vatican City State)
Honduras
Hong Kong
Hungary
Iceland
India
Indonesia
Iran, Islamic Republic of
Iraq
Ireland
Isle of Man
Israel
Italy
Jamaica
Japan
Jersey
Jordan
Kazakhstan
Kenya
Kiribati
Korea, Democratic People’s Republic of
Korea, Republic of
Kuwait
Kyrgyzstan
Lao People’s Democratic Republic
Latvia
Lebanon
Lesotho
Liberia
Libya
Liechtenstein
Lithuania
Luxembourg
Macao
Macedonia, the former Yugoslav Republic of
Madagascar
Malawi
Malaysia
Maldives
Mali
Malta
Marshall Islands
Martinique
Mauritania
Mauritius
Mayotte
Mexico
Micronesia, Federated States of
Moldova, Republic of
Monaco
Mongolia
Montenegro
Montserrat
Morocco
Mozambique
Myanmar
Namibia
Nauru
Nepal
Netherlands
New Caledonia
New Zealand
Nicaragua
Niger
Nigeria
Niue
Norfolk Island
Northern Mariana Islands
Norway
Oman
Pakistan
Palau
Palestinian Territory, Occupied
Panama
Papua New Guinea
Paraguay
Peru
Philippines
Pitcairn
Poland
Portugal
Puerto Rico
Qatar
Réunion
Romania
Russian Federation
Rwanda
Saint Barthélemy
Saint Helena, Ascension and Tristan da Cunha
Saint Kitts and Nevis
Saint Lucia
Saint Martin (French part)
Saint Pierre and Miquelon
Saint Vincent and the Grenadines
Samoa
San Marino
Sao Tome and Principe
Saudi Arabia
Senegal
Serbia
Seychelles
Sierra Leone
Singapore
Sint Maarten (Dutch part)
Slovakia
Slovenia
Solomon Islands
Somalia
South Africa
South Georgia and the South Sandwich Islands
South Sudan
Spain
Sri Lanka
Sudan
Suriname
Svalbard and Jan Mayen
Swaziland
Sweden
Switzerland
Syrian Arab Republic
Taiwan, Province of China
Tajikistan
Tanzania, United Republic of
Thailand
Timor-Leste
Togo
Tokelau
Tonga
Trinidad and Tobago
Tunisia
Turkey
Turkmenistan
Turks and Caicos Islands
Tuvalu
Uganda
Ukraine
United Arab Emirates
United Kingdom
United States
United States Minor Outlying Islands
Uruguay
Uzbekistan
Vanuatu
Venezuela, Bolivarian Republic of
Viet Nam
Virgin Islands, British
Virgin Islands, U.S.
Wallis and Futuna
Western Sahara
Yemen
Zambia
]]></system-out>
    <system-err><![CDATA[SLF4J: Failed to load class "org.slf4j.impl.StaticLoggerBinder".
SLF4J: Defaulting to no-operation (NOP) logger implementation
SLF4J: See http://www.slf4j.org/codes.html#StaticLoggerBinder for further details.
Dec 05, 2024 3:06:02 PM org.openqa.selenium.devtools.CdpVersionFinder findNearestMatch
WARNING: Unable to find an exact match for CDP version 131, returning the closest version; found: 127; Please update to a Selenium version that supports CDP version 131
Dec 05, 2024 3:06:02 PM org.openqa.selenium.devtools.CdpVersionFinder findNearestMatch
WARNING: Unable to find an exact match for CDP version 131, returning the closest version; found: 127; Please update to a Selenium version that supports CDP version 131
Dec 05, 2024 3:06:11 PM org.openqa.selenium.remote.http.WebSocket$Listener onError
WARNING: Connection reset
java.net.SocketException: Connection reset
	at java.base/sun.nio.ch.SocketChannelImpl.throwConnectionReset(SocketChannelImpl.java:394)
	at java.base/sun.nio.ch.SocketChannelImpl.read(SocketChannelImpl.java:426)
	at java.net.http/jdk.internal.net.http.SocketTube.readAvailable(SocketTube.java:1170)
	at java.net.http/jdk.internal.net.http.SocketTube$InternalReadPublisher$InternalReadSubscription.read(SocketTube.java:833)
	at java.net.http/jdk.internal.net.http.SocketTube$SocketFlowTask.run(SocketTube.java:181)
	at java.net.http/jdk.internal.net.http.common.SequentialScheduler$SchedulableTask.run(SequentialScheduler.java:230)
	at java.net.http/jdk.internal.net.http.common.SequentialScheduler.runOrSchedule(SequentialScheduler.java:303)
	at java.net.http/jdk.internal.net.http.common.SequentialScheduler.runOrSchedule(SequentialScheduler.java:256)
	at java.net.http/jdk.internal.net.http.SocketTube$InternalReadPublisher$InternalReadSubscription.signalReadable(SocketTube.java:774)
	at java.net.http/jdk.internal.net.http.SocketTube$InternalReadPublisher$ReadEvent.signalEvent(SocketTube.java:957)
	at java.net.http/jdk.internal.net.http.SocketTube$SocketFlowEvent.handle(SocketTube.java:253)
	at java.net.http/jdk.internal.net.http.HttpClientImpl$SelectorManager.handleEvent(HttpClientImpl.java:979)
	at java.net.http/jdk.internal.net.http.HttpClientImpl$SelectorManager.lambda$run$3(HttpClientImpl.java:934)
	at java.base/java.util.ArrayList.forEach(ArrayList.java:1511)
	at java.net.http/jdk.internal.net.http.HttpClientImpl$SelectorManager.run(HttpClientImpl.java:934)

]]></system-err>
  </testcase>
  <testcase name="reverseInteger" classname="NewCode" time="0.004">
    <system-out><![CDATA[Reversed Array is : 9
Reversed Array is : 8
Reversed Array is : 7
Reversed Array is : 6
Reversed Array is : 5
Reversed Array is : 4
Reversed Array is : 3
Reversed Array is : 2
Reversed Array is : 1
]]></system-out>
  </testcase>
  <testcase name="tableTraverse" classname="Program" time="0.004">
    <system-out><![CDATA[1234
10
]]></system-out>
  </testcase>
  <testcase name="primeNumberTest" classname="TextBox" time="0.0"/>
  <testcase name="testMethod" classname="DropDown1" time="0.651">
    <system-out><![CDATA[Zimbabwe
249
First Selected Option is Afghanistan
]]></system-out>
    <system-err><![CDATA[Dec 05, 2024 3:06:12 PM org.openqa.selenium.remote.http.WebSocket$Listener onError
WARNING: Connection reset
java.net.SocketException: Connection reset
	at java.base/sun.nio.ch.SocketChannelImpl.throwConnectionReset(SocketChannelImpl.java:394)
	at java.base/sun.nio.ch.SocketChannelImpl.read(SocketChannelImpl.java:426)
	at java.net.http/jdk.internal.net.http.SocketTube.readAvailable(SocketTube.java:1170)
	at java.net.http/jdk.internal.net.http.SocketTube$InternalReadPublisher$InternalReadSubscription.read(SocketTube.java:833)
	at java.net.http/jdk.internal.net.http.SocketTube$SocketFlowTask.run(SocketTube.java:181)
	at java.net.http/jdk.internal.net.http.common.SequentialScheduler$SchedulableTask.run(SequentialScheduler.java:230)
	at java.net.http/jdk.internal.net.http.common.SequentialScheduler.runOrSchedule(SequentialScheduler.java:303)
	at java.net.http/jdk.internal.net.http.common.SequentialScheduler.runOrSchedule(SequentialScheduler.java:256)
	at java.net.http/jdk.internal.net.http.SocketTube$InternalReadPublisher$InternalReadSubscription.signalReadable(SocketTube.java:774)
	at java.net.http/jdk.internal.net.http.SocketTube$InternalReadPublisher$ReadEvent.signalEvent(SocketTube.java:957)
	at java.net.http/jdk.internal.net.http.SocketTube$SocketFlowEvent.handle(SocketTube.java:253)
	at java.net.http/jdk.internal.net.http.HttpClientImpl$SelectorManager.handleEvent(HttpClientImpl.java:979)
	at java.net.http/jdk.internal.net.http.HttpClientImpl$SelectorManager.lambda$run$3(HttpClientImpl.java:934)
	at java.base/java.util.ArrayList.forEach(ArrayList.java:1511)
	at java.net.http/jdk.internal.net.http.HttpClientImpl$SelectorManager.run(HttpClientImpl.java:934)

]]></system-err>
  </testcase>
  <testcase name="windowHandles" classname="WindowHandles1" time="3.221">
    <system-out><![CDATA[Current Window Address Is : 65D9074C255F8F5EA020B41DD7AE362E
Set Representation : [65D9074C255F8F5EA020B41DD7AE362E]
String Representation : [65D9074C255F8F5EA020B41DD7AE362E]
All windows : 65D9074C255F8F5EA020B41DD7AE362E
All windows : C963699163852F71EAEB95792851D0F1
C963699163852F71EAEB95792851D0F1
]]></system-out>
    <system-err><![CDATA[Dec 05, 2024 3:06:13 PM org.openqa.selenium.devtools.CdpVersionFinder findNearestMatch
WARNING: Unable to find an exact match for CDP version 131, returning the closest version; found: 127; Please update to a Selenium version that supports CDP version 131
Dec 05, 2024 3:06:14 PM org.openqa.selenium.devtools.CdpVersionFinder findNearestMatch
WARNING: Unable to find an exact match for CDP version 131, returning the closest version; found: 127; Please update to a Selenium version that supports CDP version 131
]]></system-err>
  </testcase>
  <testcase name="webTable" classname="WebTable" time="35.856">
    <system-out><![CDATA[Number of Rows Are : 197
Number of Columns Are : 5
Column Text Are : Visited
Column Text Are : Country
Column Text Are : Capital(s)
Column Text Are : Currency
Column Text Are : Primary Language(s)
Row Values Based On the Country Is 
Row Values Based On the Country Is Afghanistan
Row Values Based On the Country Is Kabul
Row Values Based On the Country Is Afghani
Row Values Based On the Country Is Dari Persian; Pashto
{Primary Language(s)=Dari Persian; Pashto, Capital(s)=Kabul, Currency=Afghani, Country=Afghanistan}
{Primary Language(s)=Albanian, Capital(s)=Tirane, Currency=Lek, Country=Albania}
{Primary Language(s)=Arabic; Tamazight; French, Capital(s)=Algiers, Currency=Algerian Dinar, Country=Algeria}
{Primary Language(s)=Catalan, Capital(s)=Andorra la Vella, Currency=Euro, Country=Andorra}
{Primary Language(s)=Portuguese, Capital(s)=Luanda, Currency=Kwanza, Country=Angola}
{Primary Language(s)=English, Capital(s)=Saint John’s, Currency=East Caribbean Dollar, Country=Antigua & Barbuda}
{Primary Language(s)=Spanish, Capital(s)=Buenos Aires, Currency=Argentine Peso, Country=Argentina}
{Primary Language(s)=Armenian, Capital(s)=Yerevan, Currency=Dram, Country=Armenia}
{Primary Language(s)=English, Capital(s)=Canberra, Currency=Australian Dollar, Country=Australia}
{Primary Language(s)=German, Capital(s)=Vienna, Currency=Euro, Country=Austria}
{Primary Language(s)=Azerbaijani, Capital(s)=Baku, Currency=Manat, Country=Azerbaijan}
{Primary Language(s)=English, Capital(s)=Nassau, Currency=Bahamian Dollar, Country=The Bahamas}
{Primary Language(s)=Arabic, Capital(s)=Manama, Currency=Bahraini Dinar, Country=Bahrain}
{Primary Language(s)=Bangla, Capital(s)=Dhaka, Currency=Taka, Country=Bangladesh}
{Primary Language(s)=English, Capital(s)=Bridgetown, Currency=Barbadian Dollar, Country=Barbados}
{Primary Language(s)=Belarusian; Russian, Capital(s)=Minsk, Currency=Belarusian Ruble, Country=Belarus}
{Primary Language(s)=Dutch; French; German, Capital(s)=Brussels, Currency=Euro, Country=Belgium}
{Primary Language(s)=English, Capital(s)=Belmopan, Currency=Belize Dollar, Country=Belize}
{Primary Language(s)=French, Capital(s)=Porto-Novo, Currency=West African CFA Franc, Country=Benin}
{Primary Language(s)=Dzongkha, Capital(s)=Thimphu, Currency=Ngultrum, Country=Bhutan}
{Primary Language(s)=Spanish; Quechua; Aymara, Capital(s)=La Paz; Sucre, Currency=Boliviano, Country=Bolivia}
{Primary Language(s)=Bosnian; Croatian; Serbian, Capital(s)=Sarajevo, Currency=Convertible Mark, Country=Bosnia and Herzegovina}
{Primary Language(s)=English; Tswana, Capital(s)=Gaborone, Currency=Pula, Country=Botswana}
{Primary Language(s)=Portuguese, Capital(s)=Brasilia, Currency=Real, Country=Brazil}
{Primary Language(s)=Malay, Capital(s)=Bandar Seri Begawan, Currency=Brunei Dollar, Country=Brunei}
{Primary Language(s)=Bulgarian, Capital(s)=Sofia, Currency=Lev, Country=Bulgaria}
{Primary Language(s)=French, Capital(s)=Ouagadougou, Currency=West African CFA Franc, Country=Burkina Faso}
{Primary Language(s)=Kirundi; French, Capital(s)=Bujumbura, Currency=Burundi Franc, Country=Burundi}
{Primary Language(s)=Khmer, Capital(s)=Phnom Penh, Currency=Riel, Country=Cambodia}
{Primary Language(s)=French; English, Capital(s)=Yaounde, Currency=Central African CFA Franc, Country=Cameroon}
{Primary Language(s)=English; French, Capital(s)=Ottawa, Currency=Canadian Dollar, Country=Canada}
{Primary Language(s)=Portuguese, Capital(s)=Praia, Currency=Cape Verdean Escudo, Country=Cape Verde}
{Primary Language(s)=Sango; French, Capital(s)=Bangui, Currency=Central African CFA Franc, Country=Central African Republic}
{Primary Language(s)=French; Arabic, Capital(s)=N’Djamena, Currency=Central African CFA Franc, Country=Chad}
{Primary Language(s)=Spanish, Capital(s)=Santiago, Currency=Chilean Peso, Country=Chile}
{Primary Language(s)=Mandarin, Capital(s)=Beijing, Currency=Chinese Yuan, Country=China}
{Primary Language(s)=Spanish, Capital(s)=Bogota, Currency=Colombian Peso, Country=Colombia}
{Primary Language(s)=Comorian; Arabic; French, Capital(s)=Moron, Currency=Comorian Franc, Country=Comoros}
{Primary Language(s)=French, Capital(s)=Kinshasa, Currency=Congolese Franc, Country=Democratic Republic Of the Congo}
{Primary Language(s)=French, Capital(s)=Brazzaville, Currency=Central African CFA Franc, Country=Republic of the Congo}
{Primary Language(s)=Spanish, Capital(s)=San Jose, Currency=Colon, Country=Costa Rica}
{Primary Language(s)=French, Capital(s)=Yamoussoukro; Abidjan, Currency=West African CFA Franc, Country=Cote d’Ivoire (Ivory Coast)}
{Primary Language(s)=Kuna, Capital(s)=Zagreb, Currency=Croatian, Country=Croatia}
{Primary Language(s)=Spanish, Capital(s)=Havana, Currency=Cuban Peso, Country=Cuba}
{Primary Language(s)=Greek; Turkish, Capital(s)=Nicosia, Currency=Euro, Country=Cyprus}
{Primary Language(s)=Czech; Slovak, Capital(s)=Prague, Currency=Czech Koruna, Country=Czechia}
{Primary Language(s)=Danish, Capital(s)=Copenhagen, Currency=Danish Krone, Country=Denmark}
{Primary Language(s)=Arabic; French, Capital(s)=Djibouti, Currency=Djiboutian Franc, Country=Djibouti}
{Primary Language(s)=English; French; Antillean Creole, Capital(s)=Rosesau, Currency=East Caribbean Dollar, Country=Dominica}
{Primary Language(s)=Spanish, Capital(s)=Santo Domingo, Currency=Dominican Peso, Country=Dominican Republic}
{Primary Language(s)=Tetum; Portuguese; Iindonesian, Capital(s)=Dilli, Currency=United States Dollar, Country=East Timor (Timor-Leste)}
{Primary Language(s)=Spanish, Capital(s)=Quito, Currency=United States Dollar, Country=Ecuador}
{Primary Language(s)=Arabic, Capital(s)=Cairo, Currency=Egyptian Pound, Country=Egypt}
{Primary Language(s)=Spanish, Capital(s)=San Salvador, Currency=United States Dollar, Country=El Salvador}
{Primary Language(s)=Spanish; French; Portuguese, Capital(s)=Malabo, Currency=Central African CFA Franc, Country=Equitorial Guinea}
{Primary Language(s)=Arabic; Tigrinya; English, Capital(s)=Asmara, Currency=Nakfa, Country=Eritrea}
{Primary Language(s)=Estonian, Capital(s)=Tallinn, Currency=Estonian Kroon; Euro, Country=Estonia}
{Primary Language(s)=Amharic, Capital(s)=Addis Ababa, Currency=Birr, Country=Ethiopia}
{Primary Language(s)=English; Bau Fijian; Hindi, Capital(s)=Suva, Currency=Fijian Dollar, Country=Fiji}
{Primary Language(s)=Finnish; Swedish, Capital(s)=Helsinki, Currency=Euro, Country=Finland}
{Primary Language(s)=French, Capital(s)=Paris, Currency=Euro; CFP Franc, Country=France}
{Primary Language(s)=French, Capital(s)=Libreville, Currency=Central African CFA Franc, Country=Gabon}
{Primary Language(s)=English, Capital(s)=Banjul, Currency=Dalasi, Country=The Gambia}
{Primary Language(s)=Georgian, Capital(s)=Tbilisi, Currency=Lari, Country=Georgia}
{Primary Language(s)=German, Capital(s)=Berlin, Currency=Euro, Country=Germany}
{Primary Language(s)=English, Capital(s)=Accra, Currency=Ghanaian Cedi, Country=Ghana}
{Primary Language(s)=Greek, Capital(s)=Athens, Currency=Euro, Country=Greece}
{Primary Language(s)=English; Patois, Capital(s)=St. George’s, Currency=East Caribbean Dollar, Country=Grenada}
{Primary Language(s)=Spanish, Capital(s)=Guatemala City, Currency=Quetzal, Country=Guatemala}
{Primary Language(s)=French, Capital(s)=Conakry, Currency=Guinean Franc, Country=Guinea}
{Primary Language(s)=Portuguese, Capital(s)=Bissau, Currency=West African CFA Franc, Country=Guinea-Bissau}
{Primary Language(s)=English, Capital(s)=Georgetown, Currency=Guyanese Dollar, Country=Guyana}
{Primary Language(s)=Haitian Creole; French, Capital(s)=Port-au-Prince, Currency=Gourde, Country=Haiti}
{Primary Language(s)=Spanish, Capital(s)=Tegucigalpa, Currency=Lempira, Country=Honduras}
{Primary Language(s)=Hungarian, Capital(s)=Budapest, Currency=Forint, Country=Hungary}
{Primary Language(s)=Icelandic, Capital(s)=Reykjavik, Currency=Icelandic Krona, Country=Iceland}
{Primary Language(s)=Hindi; English, Capital(s)=New Delhi, Currency=Indian Rupee, Country=India}
{Primary Language(s)=Indonesian, Capital(s)=Jakarta, Currency=Rupiah, Country=Indonesia}
{Primary Language(s)=Persian, Capital(s)=Tehran, Currency=Rial, Country=Iran}
{Primary Language(s)=Arabic; Kurdish, Capital(s)=Baghdad, Currency=Iraqi Dinar, Country=Iraq}
{Primary Language(s)=English; Irish, Capital(s)=Dublin, Currency=Euro, Country=Republic of Ireland}
{Primary Language(s)=Hebrew; Arabic, Capital(s)=Jerusalem, Currency=Shekel, Country=Israel}
{Primary Language(s)=Italian, Capital(s)=Rome, Currency=Euro, Country=Italy}
{Primary Language(s)=English, Capital(s)=Kingston, Currency=Jamaican Dollar, Country=Jamaica}
{Primary Language(s)=Japanese, Capital(s)=Tokyo, Currency=Yen, Country=Japan}
{Primary Language(s)=Arabic, Capital(s)=Amman, Currency=Jordanian Dinar, Country=Jordan}
{Primary Language(s)=Kazakh; Russian, Capital(s)=Astana, Currency=Tenge, Country=Kazakhstan}
{Primary Language(s)=Swahili; English, Capital(s)=Nairobi, Currency=Kenyan Shilling, Country=Kenya}
{Primary Language(s)=English; Gilbertese, Capital(s)=Tarawa Atoll, Currency=Kiribati Dollar, Country=Kiribati}
{Primary Language(s)=Korean, Capital(s)=Pyongyang, Currency=North Korean Won, Country=North Korea}
{Primary Language(s)=Korean, Capital(s)=Seoul, Currency=South Korean Won, Country=South Korea}
{Primary Language(s)=Albanian; Serbian, Capital(s)=Pristina, Currency=Euro, Country=Kosovo}
{Primary Language(s)=Arabic; English, Capital(s)=Kuwait City, Currency=Kuwaiti Dollar, Country=Kuwait}
{Primary Language(s)=Kyrgyz; Russian, Capital(s)=Bishkek, Currency=Som, Country=Kyrgyzstan}
{Primary Language(s)=Lao (Laotian), Capital(s)=Vientiane, Currency=Kip, Country=Laos}
{Primary Language(s)=Latvian, Capital(s)=Riga, Currency=Lats, Country=Latvia}
{Primary Language(s)=Arabic; French, Capital(s)=Beirut, Currency=Lebanese Pound, Country=Lebanon}
{Primary Language(s)=Sesotho; English, Capital(s)=Maseru, Currency=Loti, Country=Lesotho}
{Primary Language(s)=English, Capital(s)=Monrovia, Currency=Liberian Dollar, Country=Liberia}
{Primary Language(s)=Arabic, Capital(s)=Tripoli, Currency=Libyan Dinar, Country=Libya}
{Primary Language(s)=German, Capital(s)=Vaduz, Currency=Swiss Franc, Country=Liechtenstein}
{Primary Language(s)=Lithuanian, Capital(s)=Vilnius, Currency=Lithuanian Litas, Country=Lithuania}
{Primary Language(s)=German; French; Luxembourgish, Capital(s)=Luxembourg, Currency=Euro, Country=Luxembourg}
{Primary Language(s)=Macedonian, Capital(s)=Skopje, Currency=Macedonian Denar, Country=Macedonia}
{Primary Language(s)=Malagasy; French; English, Capital(s)=Antananarivo, Currency=Malagasy Ariary, Country=Madagascar}
{Primary Language(s)=English, Capital(s)=Lilongwe, Currency=Malawi Kwacha, Country=Malawi}
{Primary Language(s)=Malay, Capital(s)=Kuala Lumpur, Currency=Ringgit, Country=Malaysia}
{Primary Language(s)=Dhivehi, Capital(s)=Male, Currency=Maldivian Rufiyaa, Country=Maldives}
{Primary Language(s)=French, Capital(s)=Bamako, Currency=West African CFA Franc, Country=Mali}
{Primary Language(s)=Maltese; English, Capital(s)=Valletta, Currency=Euro, Country=Malta}
{Primary Language(s)=Marshallese; English, Capital(s)=Majuro, Currency=United States Dollar, Country=Marshall Islands}
{Primary Language(s)=Arabic, Capital(s)=Nouakchott, Currency=Ouguiya, Country=Mauritania}
{Primary Language(s)=English, Capital(s)=Port Louis, Currency=Mauritian Rupee, Country=Mauritius}
{Primary Language(s)=Spanish, Capital(s)=Mexico City, Currency=Mexican Peso, Country=Mexico}
{Primary Language(s)=English, Capital(s)=Palikir, Currency=United States Dollar, Country=Federal States of Micronesia}
{Primary Language(s)=Moldovan (Romanian), Capital(s)=Chisinau, Currency=Moldovan Leu, Country=Moldova}
{Primary Language(s)=French; Italian; English, Capital(s)=Monaco, Currency=Euro, Country=Monaco}
{Primary Language(s)=Mongolian, Capital(s)=Ulaanbaatar, Currency=Togrog, Country=Mongolia}
{Primary Language(s)=Montenegrin, Capital(s)=Podgorica, Currency=Euro, Country=Montenegro}
{Primary Language(s)=Arabic, Capital(s)=Rabat, Currency=Moroccan Dirham, Country=Morocco}
{Primary Language(s)=Portuguese, Capital(s)=Maputo, Currency=Mozambican Metical, Country=Mozambique}
{Primary Language(s)=Burmese, Capital(s)=Nypyidaw, Currency=Kyat, Country=Myanmar (Burma)}
{Primary Language(s)=English; Afrikaans; German, Capital(s)=Windhoek, Currency=Namibian Dollar, Country=Namibia}
{Primary Language(s)=English; Nauran, Capital(s)=Yaren, Currency=Australian Dollar, Country=Nauru}
{Primary Language(s)=Nepali, Capital(s)=Kathmandu, Currency=Nepalese Rupee, Country=Nepal}
{Primary Language(s)=Dutch, Capital(s)=Amsterdam; The Hague, Currency=Euro, Country=Netherlands}
{Primary Language(s)=English, Capital(s)=Wellington, Currency=New Zealand Dollar, Country=New Zealand}
{Primary Language(s)=Spanish, Capital(s)=Managua, Currency=Cordoba, Country=Nicaragua}
{Primary Language(s)=French, Capital(s)=Niamey, Currency=West African CFA Franc, Country=Niger}
{Primary Language(s)=English, Capital(s)=Abuja, Currency=Naira, Country=Nigeria}
{Primary Language(s)=Norwegian, Capital(s)=Oslo, Currency=Norwegian Krone, Country=Norway}
{Primary Language(s)=Arabic, Capital(s)=Muscat, Currency=Omani Rial, Country=Oman}
{Primary Language(s)=Urdu; English, Capital(s)=Islamabad, Currency=Pakistani Rupee, Country=Pakistan}
{Primary Language(s)=English; Palauan, Capital(s)=Melekeok, Currency=United States Dollar, Country=Palau}
{Primary Language(s)=Spanish, Capital(s)=Panama City, Currency=Balboa, Country=Panama}
{Primary Language(s)=English; Tok Pisin;
Hiri Motu, Capital(s)=Port Moresby Papa, Currency=Papa New Guinean Kina, Country=Papa New Guinea}
{Primary Language(s)=Spanish; Guarani, Capital(s)=Asuncion, Currency=Guarani, Country=Paraguay}
{Primary Language(s)=Spanish, Capital(s)=Lima, Currency=Nuevo Sol, Country=Peru}
{Primary Language(s)=Filipino; English, Capital(s)=Manila, Currency=Phillipine Peso, Country=Phillipines}
{Primary Language(s)=Polish, Capital(s)=Warsaw, Currency=Zloty, Country=Poland}
{Primary Language(s)=Portuguese, Capital(s)=Lisbon, Currency=Euro, Country=Portugal}
{Primary Language(s)=Arabic, Capital(s)=Doha, Currency=Qatari Riyal, Country=Qatar}
{Primary Language(s)=Romanian, Capital(s)=Bucharest, Currency=Romanian Rupee, Country=Romania}
{Primary Language(s)=Romanian, Capital(s)=Bucharest, Currency=Romanian Rupee, Country=Romania}
{Primary Language(s)=Russian, Capital(s)=Moscow, Currency=Ruble, Country=Russia}
{Primary Language(s)=Kinyarwanda; French; English, Capital(s)=Kigali, Currency=Rwandan Franc, Country=Rwanda}
{Primary Language(s)=English, Capital(s)=Basseterre, Currency=East Caribbean Dollar, Country=Saint Kitts and Nevis}
{Primary Language(s)=English; French, Capital(s)=Castries, Currency=East Caribbean Dollar, Country=Saint Lucia}
{Primary Language(s)=English, Capital(s)=Kingstown East, Currency=Caribbean Dollar, Country=Saint Vincent and
The Grenadines}
{Primary Language(s)=Samoan; English, Capital(s)=Apia, Currency=Tala, Country=Samoa}
{Primary Language(s)=Italian, Capital(s)=San Marino, Currency=Euro, Country=San Marino}
{Primary Language(s)=Portuguese, Capital(s)=Sao Tome, Currency=Dobra, Country=Sao Tome and Principe}
{Primary Language(s)=Arabic, Capital(s)=Riyadh, Currency=Saudi Riyal, Country=Saudi Arabia}
{Primary Language(s)=French, Capital(s)=Dakar, Currency=West African CFA Franc, Country=Senegal}
{Primary Language(s)=Serbian, Capital(s)=Belgrade, Currency=Serbian Dinar, Country=Serbia}
{Primary Language(s)=Seychellois Creole;
French; English, Capital(s)=Victoria, Currency=Seychoellois Rupee, Country=Seychelles}
{Primary Language(s)=Krio; English, Capital(s)=Freetown, Currency=Leone, Country=Sierra Leone}
{Primary Language(s)=English; Malay;
Mandarin Chinese, Capital(s)=Singapore, Currency=Singapore Dollar, Country=Singapore}
{Primary Language(s)=Slovak, Capital(s)=Bratislava, Currency=Euro, Country=Slovakia}
{Primary Language(s)=Slovene, Capital(s)=Ljubljana, Currency=Euro, Country=Slovenia}
{Primary Language(s)=Solomons Pijin, Capital(s)=Honiara, Currency=Solomon Islands Dollar, Country=Solomon Islands}
{Primary Language(s)=Somali; Arabic, Capital(s)=Mogadishu, Currency=Somali Shilling, Country=Somalia}
{Primary Language(s)=Zulu; Xhosa; Afrikaans, Capital(s)=Pretoria; Cape Town;
Bloemfontein, Currency=Rand, Country=South Africa}
{Primary Language(s)=Spanish, Capital(s)=Madrid, Currency=Euro, Country=Spain}
{Primary Language(s)=Sinhala; Tamil, Capital(s)=Colombo, Currency=Sri Lankan Rupee, Country=Sri Lanka}
{Primary Language(s)=Arabic; English, Capital(s)=Khartoum, Currency=Sudanese Pound, Country=Sudan}
{Primary Language(s)=Dutch, Capital(s)=Paramaribo, Currency=Surinamese Dollar, Country=Suriname}
{Primary Language(s)=English; SiSwati, Capital(s)=Mbabane, Currency=Lilangeni, Country=Swaziland}
{Primary Language(s)=Swedish, Capital(s)=Stockholm, Currency=Swedish Krona, Country=Sweden}
{Primary Language(s)=German; French; Italian, Capital(s)=Berne, Currency=Swiss Franc, Country=Switzerland}
{Primary Language(s)=Arabic, Capital(s)=Damascus, Currency=Syrian Pound, Country=Syria}
{Primary Language(s)=Mandarin, Capital(s)=Taipei, Currency=New Taiwan Dollar, Country=Taiwan}
{Primary Language(s)=Tajik; Russian, Capital(s)=Dushanbe, Currency=Somoni, Country=Tajikistan}
{Primary Language(s)=Swahili, Capital(s)=Dar es Salaam; Dodoma, Currency=Tanzanian Schilling, Country=Tanzania}
{Primary Language(s)=Thai, Capital(s)=Bangkok, Currency=Thai Baht, Country=Thailand}
{Primary Language(s)=French, Capital(s)=Lome, Currency=West African CFA Franc, Country=Togo}
{Primary Language(s)=Tongan; English, Capital(s)=Nuku’alofa, Currency=Pa’anga, Country=Tonga}
{Primary Language(s)=English, Capital(s)=Port-of-Spain, Currency=Trinidad and Tobago Dollar, Country=Trinidad and Tobago}
{Primary Language(s)=Tunisian; French, Capital(s)=Tunis, Currency=Tunisian Dinar, Country=Tunisia}
{Primary Language(s)=Turkish, Capital(s)=Ankara, Currency=Turkish Lira, Country=Turkey}
{Primary Language(s)=Turkmen; Russian, Capital(s)=Ashgabat, Currency=Turkmen New Manat, Country=Turkmenistan}
{Primary Language(s)=Tuvaluan; English, Capital(s)=Vaiaku, Currency=Tuvaluan Dollar, Country=Tuvalu}
{Primary Language(s)=Swahili; English, Capital(s)=Kampala, Currency=Ugandan Shilling, Country=Uganda}
{Primary Language(s)=Ukranian; Russian, Capital(s)=Kiev, Currency=Hryvnia, Country=Ukraine}
{Primary Language(s)=Arabic, Capital(s)=Abu Dhabi, Currency=Dirham, Country=United Arab Emirates}
{Primary Language(s)=English, Capital(s)=London, Currency=Pound Sterling, Country=United Kingdom}
{Primary Language(s)=English; Spanish, Capital(s)=Washington D.C., Currency=United States Dollar, Country=United States of America}
{Primary Language(s)=Spanish, Capital(s)=Montevideo, Currency=Uruguayan Peso, Country=Uruguay}
{Primary Language(s)=Uzbek; Russian, Capital(s)=Tashkent, Currency=Uzbekistan Som, Country=Uzbekistan}
{Primary Language(s)=Bislama; English; French, Capital(s)=Port-Vila, Currency=Vanuatu Vatu, Country=Vanuatu}
{Primary Language(s)=Latin; Italian, Capital(s)=Vatican City, Currency=Euro, Country=Vatican City}
{Primary Language(s)=Spanish, Capital(s)=Caracas, Currency=Bolivar Fuerte, Country=Venezuela}
{Primary Language(s)=Vietnamese, Capital(s)=Hanoi, Currency=Dong, Country=Vietnam}
{Primary Language(s)=Arabic, Capital(s)=Sanaa, Currency=Yemeni Rial, Country=Yemen}
{Primary Language(s)=English, Capital(s)=Lusaka, Currency=Zambian Kwacha, Country=Zambia}
{Primary Language(s)=English, Capital(s)=Harare, Currency=United States Dollar, Country=Zimbabwe}
]]></system-out>
  </testcase>
</testsuite>