<?xml version="1.0" encoding="UTF-8"?>
<testng-results ignored="0" total="1" passed="1" failed="0" skipped="0">
  <reporter-output>
  </reporter-output>
  <suite started-at="2026-02-27T13:26:05 IST" name="Default Suite" finished-at="2026-02-27T13:26:09 IST" duration-ms="3854">
    <groups>
    </groups>
    <test started-at="2026-02-27T13:26:05 IST" name="SeleniumAutomation" finished-at="2026-02-27T13:26:09 IST" duration-ms="3854">
      <class name="apiCode.GetAPI">
        <test-method signature="getAPIRequest()[pri:0, instance:apiCode.GetAPI@3f197a46]" started-at="2026-02-27T13:26:05 IST" name="getAPIRequest" finished-at="2026-02-27T13:26:09 IST" duration-ms="3823" status="PASS">
          <reporter-output>
          </reporter-output>
        </test-method> <!-- getAPIRequest -->
      </class> <!-- apiCode.GetAPI -->
    </test> <!-- SeleniumAutomation -->
  </suite> <!-- Default Suite -->
</testng-results>
