<?xml version="1.0" encoding="UTF-8"?>
<!-- Generated by org.testng.reporters.JUnitReportReporter -->
<testsuite hostname="LAPTOP-RG7301TM" failures="0" tests="4" name="seleniumCode.DataProviderTest" time="0.000" errors="0" timestamp="2025-12-26T22:31:51 IST" skipped="0">
  <testcase classname="seleniumCode.DataProviderTest" name="loginDataTest" time="0.000"/>
  <testcase classname="seleniumCode.DataProviderTest" name="loginDataTest" time="0.000"/>
  <testcase classname="seleniumCode.DataProviderTest" name="loginDataTest" time="0.000"/>
  <testcase classname="seleniumCode.DataProviderTest" name="loginDataTest" time="0.000"/>
</testsuite> <!-- seleniumCode.DataProviderTest -->
